Fri Oct 16 15:06:28 CEST 2015
Unhandled event type: 2
Unhandled window event type: new
Handling subsequent event
Unhandled window event type: new
Handling subsequent event
Handling subsequent event
Unhandled window event type: new
Handling subsequent event
Unhandled window event type: floating
Handling subsequent event
Unhandled window event type: new
Handling subsequent event
Handling subsequent event
Unhandled window event type: new
Handling subsequent event
Unhandled window event type: new
Handling subsequent event
Handling subsequent event
Handling subsequent event
Handling subsequent event
Handling subsequent event
Handling subsequent event
Unhandled window event type: new
Handling subsequent event
Unhandled window event type: new
Handling subsequent event
Handling subsequent event
Handling subsequent event
Unhandled window event type: urgent
Handling subsequent event
Handling subsequent event
Unhandled window event type: urgent
Handling subsequent event
Unhandled window event type: urgent
Handling subsequent event
Unhandled window event type: floating
Handling subsequent event
Unhandled window event type: new
Handling subsequent event
Handling subsequent event
Handling subsequent event
Unhandled window event type: urgent
Unhandled window event type: new
Handling subsequent event
Unhandled window event type: floating
Handling subsequent event
Unhandled window event type: new
Handling subsequent event
Handling subsequent event
Handling subsequent event
Handling subsequent event
Unhandled window event type: new
Handling subsequent event
Handling subsequent event
Unhandled window event type: urgent
Handling subsequent event
Unhandled window event type: urgent
Handling subsequent event
Handling subsequent event
Handling subsequent event
Unhandled window event type: urgent
Handling subsequent event
Handling subsequent event
Unhandled window event type: urgent
Handling subsequent event
Unhandled window event type: urgent
Handling subsequent event
Handling subsequent event
Handling subsequent event
Handling subsequent event
Handling subsequent event
Handling subsequent event
Handling subsequent event
Handling subsequent event
Handling subsequent event
Handling subsequent event
Handling subsequent event
Unhandled window event type: floating
Handling subsequent event
Unhandled window event type: new
Handling subsequent event
Handling subsequent event
Unhandled window event type: floating
Handling subsequent event
Unhandled window event type: new
Handling subsequent event
Invalid JSON query, getString only possible with JSONStrings
Invalid JSON query, getString only possible with JSONStrings
Handling subsequent event
Handling subsequent event
Unhandled window event type: floating
Handling subsequent event
Unhandled window event type: new
Handling subsequent event
Handling subsequent event
Handling subsequent event
Handling subsequent event
Unhandled window event type: floating
Handling subsequent event
Unhandled window event type: new
Handling subsequent event
Handling subsequent event
Unhandled window event type: floating
Handling subsequent event
Unhandled window event type: new
Handling subsequent event
Handling subsequent event
Handling subsequent event
Unhandled window event type: urgent
Handling subsequent event
Handling subsequent event
Unhandled window event type: urgent
Handling subsequent event
Unhandled window event type: urgent
Handling subsequent event
Handling subsequent event
Handling subsequent event
Handling subsequent event
Unhandled window event type: urgent
Handling subsequent event
Handling subsequent event
Unhandled window event type: urgent
Handling subsequent event
Unhandled window event type: urgent
Handling subsequent event
Handling subsequent event
Handling subsequent event
Handling subsequent event
Unhandled window event type: urgent
Handling subsequent event
Handling subsequent event
Unhandled window event type: urgent
Handling subsequent event
Unhandled window event type: urgent
Handling subsequent event
Handling subsequent event
Unhandled window event type: urgent
Handling subsequent event
Handling subsequent event
Unhandled window event type: urgent
Handling subsequent event
Unhandled window event type: urgent
Handling subsequent event
Handling subsequent event
Unhandled window event type: urgent
Handling subsequent event
Handling subsequent event
Handling subsequent event
Handling subsequent event
Unhandled window event type: urgent
Handling subsequent event
Unhandled window event type: urgent
Handling subsequent event
Handling subsequent event
Handling subsequent event
Handling subsequent event
Handling subsequent event
Handling subsequent event
Handling subsequent event
Unhandled window event type: new
Handling subsequent event
Handling subsequent event
Handling subsequent event
Handling subsequent event
Handling subsequent event
Handling subsequent event
Handling subsequent event
Handling subsequent event
Handling subsequent event
Unhandled window event type: urgent
Handling subsequent event
Handling subsequent event
Unhandled window event type: urgent
Handling subsequent event
Unhandled window event type: urgent
Handling subsequent event
Handling subsequent event
Handling subsequent event
Handling subsequent event
Output event - Restarting application
Unhandled event type: 2
Unhandled window event type: new
Handling subsequent event
Handling subsequent event
Handling subsequent event
Handling subsequent event
Handling subsequent event
Handling subsequent event
Handling subsequent event
Handling subsequent event
Handling subsequent event
Handling subsequent event
Handling subsequent event
Handling subsequent event
Handling subsequent event
Handling subsequent event
Handling subsequent event
Handling subsequent event
Handling subsequent event
Handling subsequent event
Unhandled window event type: new
Handling subsequent event
Handling subsequent event
Handling subsequent event
Unhandled window event type: floating
Handling subsequent event
Unhandled window event type: new
Handling subsequent event
Unhandled window event type: new
Handling subsequent event
Unhandled window event type: floating
Handling subsequent event
Unhandled window event type: new
Handling subsequent event
Unhandled window event type: new
Handling subsequent event
Handling subsequent event
Handling subsequent event
Handling subsequent event
Unhandled window event type: new
Handling subsequent event
Invalid JSON query, getString only possible with JSONStrings
Handling subsequent event
Handling subsequent event
Handling subsequent event
Handling subsequent event
Handling subsequent event
Handling subsequent event
Handling subsequent event
Handling subsequent event
Handling subsequent event
Handling subsequent event
Handling subsequent event
Handling subsequent event
Handling subsequent event
Handling subsequent event
Handling subsequent event
Handling subsequent event
Handling subsequent event
Handling subsequent event
Handling subsequent event
Handling subsequent event
Handling subsequent event
Handling subsequent event
Handling subsequent event
Handling subsequent event
Handling subsequent event
Unhandled window event type: urgent
Handling subsequent event
Handling subsequent event
Unhandled window event type: urgent
Handling subsequent event
Unhandled window event type: urgent
Unhandled window event type: floating
Handling subsequent event
Unhandled window event type: new
Handling subsequent event
Handling subsequent event
Handling subsequent event
Handling subsequent event
Handling subsequent event
Handling subsequent event
Handling subsequent event
Handling subsequent event
Handling subsequent event
Handling subsequent event
Unhandled window event type: new
Handling subsequent event
Handling subsequent event
Unhandled window event type: new
Handling subsequent event
Unhandled window event type: new
Handling subsequent event
Unhandled window event type: new
Handling subsequent event
Unhandled window event type: new
Handling subsequent event
Handling subsequent event
Handling subsequent event
Handling subsequent event
Handling subsequent event
Handling subsequent event
Handling subsequent event
Handling subsequent event
Handling subsequent event
Handling subsequent event
Handling subsequent event
Handling subsequent event
Handling subsequent event
Handling subsequent event
Handling subsequent event
Handling subsequent event
Handling subsequent event
Handling subsequent event
Handling subsequent event
Handling subsequent event
Handling subsequent event
Handling subsequent event
Handling subsequent event
Handling subsequent event
Handling subsequent event
Handling subsequent event
Handling subsequent event
Handling subsequent event
Unhandled window event type: new
Handling subsequent event
Invalid JSON query, getString only possible with JSONStrings
Handling subsequent event
Unhandled window event type: new
Handling subsequent event
Unhandled window event type: new
Handling subsequent event
Unhandled window event type: floating
Handling subsequent event
Unhandled window event type: new
Handling subsequent event
Handling subsequent event
Handling subsequent event
Handling subsequent event
Handling subsequent event
Handling subsequent event
Handling subsequent event
